
GNS 333  Fail , Test time : 20180511-104959
GNS s  Fail , Test time : 20180524-093828
GNS s  Fail , Test time : 20180524-094244
GNS 3  Fail , Test time : 20180524-094748
GNS 10  Fail , Test time : 20180706-111625
GNS 1  Fail , Test time : 20180727-093406
GNS 10  Fail , Test time : 20180813-093158
GNS 10.  Fail , Test time : 20180823-160514
GNS 1  Fail , Test time : 20180823-163128
GNS 11  Fail , Test time : 20180823-165428
GNS 1  Pass , Test time : 20181130-172508
GNS 1  Fail , Test time : 20181130-173912
GNS 10  Pass , Test time : 20181130-174126
GNS 1  Fail , Test time : 20181203-172237
GNS 1  Fail , Test time : 20181203-173008
GNS 10.90.0.1  Fail , Test time : 20181203-173501
GNS 1  Fail , Test time : 20181203-173806
GNS 1  Fail , Test time : 20181203-175354
GNS 1  Fail , Test time : 20181214-144102
GNS 1  Fail , Test time : 20190103-142139
GNS 1  Fail , Test time : 20190103-142939
GNS 7  Fail , Test time : 20190103-145617
GNS 1  Fail , Test time : 20190103-150801
GNS 1  Fail , Test time : 20190103-153455
GNS 3  Fail , Test time : 20190103-173308
GNS 12  Fail , Test time : 20190121-101623
GNS s  Fail , Test time : 20190130-152813
GNS 2  Fail , Test time : 20190130-153443
GNS 192  Fail , Test time : 20190130-162714
GNS 2  Fail , Test time : 20190130-162747
GNS 2  Fail , Test time : 20190130-162838