
CWSU 1  Fail , Test time : 20180926-173602
CWSU 1  Fail , Test time : 20180926-173939
CWSU 1  Fail , Test time : 20180926-174224
CWSU 1  Fail , Test time : 20180926-174603
CWSU 2  Fail , Test time : 20180926-175353
CWSU 1  Fail , Test time : 20180926-180049
CWSU 1  Fail , Test time : 20180926-180404
CWSU 10  Fail , Test time : 20180926-180648
CWSU 1  Fail , Test time : 20180926-181055
CWSU 1  Fail , Test time : 20180926-181323
CWSU 1  Fail , Test time : 20180926-181937
CWSU 1  Fail , Test time : 20180926-184217
CWSU 1  Fail , Test time : 20180926-184959
CWSU 1  Fail , Test time : 20180926-185357
CWSU 1  Fail , Test time : 20180926-190322
CWSU 1  Fail , Test time : 20180926-190530
CWSU 10.  Fail , Test time : 20180926-192146
CWSU 10  Fail , Test time : 20180926-192325
CWSU 1  Fail , Test time : 20180926-192505
CWSU 10  Fail , Test time : 20180926-193233
CWSU 1  Fail , Test time : 20180926-193801
CWSU 1  Fail , Test time : 20180926-194307
CWSU 10  Fail , Test time : 20180926-194442
CWSU 1  Fail , Test time : 20180926-200809
CWSU 1  Fail , Test time : 20180926-201143
CWSU 1  Fail , Test time : 20180926-201619
CWSU 1  Fail , Test time : 20180926-201750
CWSU 10.90.0.1  Fail , Test time : 20180926-202012
CWSU 10  Fail , Test time : 20180926-202451
CWSU 1  Fail , Test time : 20180926-202602
CWSU 10.  Fail , Test time : 20180927-091052
CWSU 10  Fail , Test time : 20180927-092409
CWSU 10.  Fail , Test time : 20180927-093644
CWSU 1  Fail , Test time : 20180927-094807
CWSU 10.90.0.  Fail , Test time : 20180927-095805
CWSU 10.90.0  Fail , Test time : 20180927-100628
CWSU 1  Fail , Test time : 20180927-101312
CWSU 10.90.0.10  Fail , Test time : 20180927-102235
CWSU 1  Fail , Test time : 20180927-155124
CWSU 1  Fail , Test time : 20180927-154454
CWSU 1  Fail , Test time : 20180927-155210
CWSU 1  Fail , Test time : 20180927-155614
CWSU 1  Fail , Test time : 20181017-151310
CWSU l  Fail , Test time : 20181017-152437
CWSU 10  Fail , Test time : 20181017-153009
CWSU 1  Fail , Test time : 20181017-153341
CWSU abc  Fail , Test time : 20181017-164839
CWSU q  Fail , Test time : 20181017-165149
CWSU 1  Fail , Test time : 20181206-091505
CWSU 1  Fail , Test time : 20181206-133044
CWSU 1  Fail , Test time : 20181219-143142
CWSU 1  Fail , Test time : 20181227-103745
CWSU 1  Fail , Test time : 20181228-152534
CWSU 3  Fail , Test time : 20181229-091346
CWSU 4  Fail , Test time : 20181229-091905
CWSU 3  Fail , Test time : 20181229-092207
CWSU 4  Fail , Test time : 20181229-120014
CWSU 1  Fail , Test time : 20190107-100731
CWSU 1  Fail , Test time : 20190107-101437
CWSU 2  Fail , Test time : 20190107-102327
CWSU 1  Fail , Test time : 20190116-103143
CWSU 1  Fail , Test time : 20190116-112114
CWSU 2  Fail , Test time : 20190116-135455
CWSU 2  Fail , Test time : 20190116-144822
CWSU 1  Fail , Test time : 20190116-153637
CWSU 2  Fail , Test time : 20190116-153753
CWSU 2  Fail , Test time : 20190116-172825
CWSU 2  Fail , Test time : 20190116-173135
CWSU 1  Fail , Test time : 20190117-090514
CWSU hh  Fail , Test time : 20190117-090803
CWSU 2  Fail , Test time : 20190121-102014
CWSU 22  Fail , Test time : 20190121-102756
CWSU w  Fail , Test time : 20190128-112550
CWSU d  Fail , Test time : 20190128-112604
CWSU 1  Fail , Test time : 20190130-150318
CWSU 2  Fail , Test time : 20190130-162920
CWSU 12  Fail , Test time : 20190305-170746
CWSU 10.90.0  Fail , Test time : 20190305-171029