############################################# Login #############################################
Last login: Sun Aug 24 23:34:55 2014 from 10.90.0.8
[root@localhost ~]#
[root@localhost ~]#
[root@localhost ~]#
cd /root/software/gns_test/
-bash: cd: /root/software/gns_test/: No such file or directory
[root@localhost ~]#
chmod +x *
[root@localhost ~]#
./install_sysstat.sh
-bash: ./install_sysstat.sh: No such file or directory
[root@localhost ~]#
\cp -f kcpu /sbin
cp: cannot stat ¡®kcpu¡¯: No such file or directory
[root@localhost ~]#
\cp -f iozone /sbin
cp: cannot stat ¡®iozone¡¯: No such file or directory
[root@localhost ~]#
\cp -f nmon /sbin
cp: cannot stat ¡®nmon¡¯: No such file or directory
[root@localhost ~]#
\cp -f iperf /sbin
cp: cannot stat ¡®iperf¡¯: No such file or directory
[root@localhost ~]#
\cp -f cpulimit /sbin
cp: cannot stat ¡®cpulimit¡¯: No such file or directory
[root@localhost ~]#
\cp -f run_kcpu.sh /sbin
cp: cannot stat ¡®run_kcpu.sh¡¯: No such file or directory
[root@localhost ~]#
cd 429
-bash: cd: 429: No such file or directory
[root@localhost ~]#
\cp -f * /sbin
cp: omitting directory ¡®software¡¯
[root@localhost ~]#
cd
[root@localhost ~]#
######################################### Version Check #########################################
vershow&
[1] 5403
[root@localhost ~]#underlying version:r14743

Config version:def-r14743-0

docker version:18.06.1-ce

nginx version:

Error: No such container: ifw
nodejs version:

Error: No such container: mongo
mongodb version:


[1]+  Done                    vershow
[root@localhost ~]#
[root@localhost ~]#
Software Version£ºr14743,PASS
fpga_version
FPGA version:V1.8
[root@localhost ~]#
FPGA£ºV1.8,PASS
swv_read
software version :REL-1.00B001
[root@localhost ~]#
SWV£ºREL-1.00B001,PASS
mod_read
Mod number:NA
[root@localhost ~]#
MOD£ºNA,PASS
spn_read
software part number:501000049
[root@localhost ~]#
SPN£º501000049,PASS
dpn_read
PN_VERSION:9010100020
[root@localhost ~]#
DPN£º9010100020,PASS
board_pn_read
Board_Product_Number:3010100025
[root@localhost ~]#
BPN£º3010100025,PASS
fpgapn_read
fpga part number:5010000007
[root@localhost ~]#
FPGA PN£º5010000007,PASS
isopn_read
iso part number:5010000013
[root@localhost ~]#
ISO PN£º5010000013,PASS
uname -a
Linux localhost.localdomain 3.10.0-862.el7.x86_64 #1 SMP Fri Apr 20 16:44:24 UTC 2018 x86_64 x86_64 x86_64 GNU/Linux
[root@localhost ~]#
System Version£º3.10.5-3.el6.x86_64,PASS
dsn_read
SN_VERSION:031812250002
[root@localhost ~]#
board_sn_read
Board_Serial_Number:011601231005
[root@localhost ~]#
########################################### MAC Check ###########################################
ifconfig
docker0: flags=4099<UP,BROADCAST,MULTICAST>  mtu 1500
        inet 172.17.0.1  netmask 255.255.0.0  broadcast 172.17.255.255
        ether 02:42:02:2b:25:f4  txqueuelen 0  (Ethernet)
        RX packets 0  bytes 0 (0.0 B)
        RX errors 0  dropped 0  overruns 0  frame 0
        TX packets 0  bytes 0 (0.0 B)
        TX errors 0  dropped 0 overruns 0  carrier 0  collisions 0

eth0: flags=4163<UP,BROADCAST,RUNNING,MULTICAST>  mtu 1500
        inet6 fe80::2a0:c9ff:fe00:0  prefixlen 64  scopeid 0x20<link>
        ether 00:a0:c9:00:00:00  txqueuelen 1000  (Ethernet)
        RX packets 418  bytes 40557 (39.6 KiB)
        RX errors 0  dropped 0  overruns 0  frame 0
        TX packets 1325  bytes 119546 (116.7 KiB)
        TX errors 0  dropped 0 overruns 0  carrier 0  collisions 0
        device memory 0xf7c00000-f7c7ffff  

eth0.1: flags=4163<UP,BROADCAST,RUNNING,MULTICAST>  mtu 1500
        inet 10.90.0.2  netmask 255.255.255.240  broadcast 10.90.0.15
        inet6 fe80::2a0:c9ff:fe00:
0  prefixlen 64  scopeid 0x20<link>
        ether 00:a0:c9:00:00:00  txqueuelen 1000  (Ethernet)
        RX packets 413  bytes 34315 (33.5 KiB)
        RX errors 0  dropped 0  overruns 0  frame 0
        TX packets 775  bytes 49565 (48.4 KiB)
        TX errors 0  dropped 0 overruns 0  carrier 0  collisions 0

eth0.1:0: flags=4163<UP,BROADCAST,RUNNING,MULTICAST>  mtu 1500
        inet 10.255.250.2  netmask 255.255.255.0  broadcast 10.255.250.255
        ether 00:a0:c9:00:00:00  txqueuelen 1000  (Ethernet)

eth0.5: flags=4163<UP,BROADCAST,RUNNING,MULTICAST>  mtu 1500
        inet 10.91.0.1  netmask 255.255.255.240  broadcast 10.91.0.15
        inet6 fe80::2a0:c9ff:fe00:0  prefixlen 64  scopeid 0x20<link>
        ether 00:a0:c9:00:00:00  txqueuelen 1000  (Ethernet)
        RX packets 0  bytes 0 (0.0 B)
        RX errors 0  dropped 0  overruns 0  frame 0
        TX packets 48  bytes 7223 (7.0 KiB)
        TX errors 0  dropped 0 overruns 0  carrier 0  collisions 0

eth0.10: flags=4163<UP,BROADC
AST,RUNNING,MULTICAST>  mtu 1500
        inet 10.82.0.1  netmask 255.255.252.0  broadcast 10.82.3.255
        inet6 fe80::2a0:c9ff:fe00:0  prefixlen 64  scopeid 0x20<link>
        ether 00:a0:c9:00:00:00  txqueuelen 1000  (Ethernet)
        RX packets 0  bytes 0 (0.0 B)
        RX errors 0  dropped 0  overruns 0  frame 0
        TX packets 56  bytes 8158 (7.9 KiB)
        TX errors 0  dropped 0 overruns 0  carrier 0  collisions 0

eth0.10:1: flags=4163<UP,BROADCAST,RUNNING,MULTICAST>  mtu 1500
        inet 10.0.0.1  netmask 255.255.255.0  broadcast 10.0.0.255
        ether 00:a0:c9:00:00:00  txqueuelen 1000  (Ethernet)

eth0.20: flags=4163<UP,BROADCAST,RUNNING,MULTICAST>  mtu 1500
        inet 172.19.0.3  netmask 255.255.252.0  broadcast 172.19.3.255
        inet6 fe80::2a0:c9ff:fe00:0  prefixlen 64  scopeid 0x20<link>
        ether 00:a0:c9:00:00:00  txqueuelen 1000  (Ethernet)
        RX packets 0  bytes 0 (0.0 B)
        RX errors 0  dropped 0  overruns 0  frame 0
        TX packets 84  
bytes 28474 (27.8 KiB)
        TX errors 0  dropped 0 overruns 0  carrier 0  collisions 0

eth0.21: flags=4163<UP,BROADCAST,RUNNING,MULTICAST>  mtu 1500
        inet 172.41.0.3  netmask 255.255.255.0  broadcast 172.41.0.255
        inet6 fe80::2a0:c9ff:fe00:0  prefixlen 64  scopeid 0x20<link>
        ether 00:a0:c9:00:00:00  txqueuelen 1000  (Ethernet)
        RX packets 0  bytes 0 (0.0 B)
        RX errors 0  dropped 0  overruns 0  frame 0
        TX packets 300  bytes 17777 (17.3 KiB)
        TX errors 0  dropped 0 overruns 0  carrier 0  collisions 0

eth0.30: flags=4163<UP,BROADCAST,RUNNING,MULTICAST>  mtu 1500
        inet 172.45.0.3  netmask 255.255.255.0  broadcast 172.45.0.255
        inet6 fe80::2a0:c9ff:fe00:0  prefixlen 64  scopeid 0x20<link>
        ether 00:a0:c9:00:00:00  txqueuelen 1000  (Ethernet)
        RX packets 0  bytes 0 (0.0 B)
        RX errors 0  dropped 0  overruns 0  frame 0
        TX packets 48  bytes 7193 (7.0 KiB)
        TX errors 0  dropped 0 overruns 0  carr
ier 0  collisions 0

lo: flags=73<UP,LOOPBACK,RUNNING>  mtu 65536
        inet 127.0.0.1  netmask 255.0.0.0
        inet6 ::1  prefixlen 128  scopeid 0x10<host>
        loop  txqueuelen 1000  (Local Loopback)
        RX packets 6690  bytes 518354 (506.2 KiB)
        RX errors 0  dropped 0  overruns 0  frame 0
        TX packets 6690  bytes 518354 (506.2 KiB)
        TX errors 0  dropped 0 overruns 0  carrier 0  collisions 0

mgmt0: flags=4099<UP,BROADCAST,MULTICAST>  mtu 1500
        inet 192.168.1.100  netmask 255.255.255.0  broadcast 192.168.1.255
        ether 00:13:95:1c:0b:6b  txqueuelen 1000  (Ethernet)
        RX packets 0  bytes 0 (0.0 B)
        RX errors 0  dropped 0  overruns 0  frame 0
        TX packets 0  bytes 0 (0.0 B)
        TX errors 0  dropped 0 overruns 0  carrier 0  collisions 0
        device interrupt 20  memory 0xf7e00000-f7e20000  

[root@localhost ~]#
MAC PASS
######################################## 4G Module Check ########################################
lsusb | grep -c '2c7c'
1
[root@localhost ~]#
9b3c Module PASS
atget simcard










